{"C:\\Users\\georg\\Downloads\\wiki-check\\contentScript.js": {"path":"C:\\Users\\georg\\Downloads\\wiki-check\\contentScript.js","statementMap":{"0":{"start":{"line":2,"column":16},"end":{"line":2,"column":18}},"1":{"start":{"line":5,"column":0},"end":{"line":8,"column":2}},"2":{"start":{"line":7,"column":4},"end":{"line":7,"column":51}},"3":{"start":{"line":11,"column":0},"end":{"line":15,"column":2}},"4":{"start":{"line":14,"column":4},"end":{"line":14,"column":50}},"5":{"start":{"line":25,"column":4},"end":{"line":30,"column":5}},"6":{"start":{"line":27,"column":8},"end":{"line":27,"column":63}},"7":{"start":{"line":29,"column":8},"end":{"line":29,"column":32}},"8":{"start":{"line":30,"column":5},"end":{"line":35,"column":5}},"9":{"start":{"line":32,"column":8},"end":{"line":32,"column":52}},"10":{"start":{"line":34,"column":8},"end":{"line":34,"column":28}},"11":{"start":{"line":36,"column":4},"end":{"line":36,"column":16}},"12":{"start":{"line":43,"column":15},"end":{"line":43,"column":55}},"13":{"start":{"line":45,"column":4},"end":{"line":58,"column":7}},"14":{"start":{"line":60,"column":4},"end":{"line":60,"column":15}},"15":{"start":{"line":67,"column":15},"end":{"line":67,"column":52}},"16":{"start":{"line":69,"column":22},"end":{"line":69,"column":30}},"17":{"start":{"line":71,"column":21},"end":{"line":71,"column":28}},"18":{"start":{"line":74,"column":4},"end":{"line":74,"column":53}},"19":{"start":{"line":77,"column":22},"end":{"line":77,"column":60}},"20":{"start":{"line":80,"column":4},"end":{"line":80,"column":59}},"21":{"start":{"line":87,"column":4},"end":{"line":87,"column":27}},"22":{"start":{"line":90,"column":22},"end":{"line":90,"column":70}},"23":{"start":{"line":93,"column":22},"end":{"line":93,"column":40}},"24":{"start":{"line":96,"column":4},"end":{"line":96,"column":30}},"25":{"start":{"line":102,"column":24},"end":{"line":102,"column":64}},"26":{"start":{"line":105,"column":4},"end":{"line":105,"column":33}},"27":{"start":{"line":112,"column":19},"end":{"line":112,"column":162}},"28":{"start":{"line":114,"column":4},"end":{"line":134,"column":52}},"29":{"start":{"line":116,"column":22},"end":{"line":116,"column":37}},"30":{"start":{"line":120,"column":8},"end":{"line":131,"column":9}},"31":{"start":{"line":123,"column":26},"end":{"line":123,"column":43}},"32":{"start":{"line":126,"column":12},"end":{"line":126,"column":49}},"33":{"start":{"line":130,"column":12},"end":{"line":130,"column":45}},"34":{"start":{"line":134,"column":17},"end":{"line":134,"column":50}},"35":{"start":{"line":141,"column":24},"end":{"line":141,"column":64}},"36":{"start":{"line":144,"column":4},"end":{"line":144,"column":33}},"37":{"start":{"line":147,"column":4},"end":{"line":164,"column":7}},"38":{"start":{"line":150,"column":18},"end":{"line":150,"column":76}},"39":{"start":{"line":153,"column":8},"end":{"line":163,"column":11}},"40":{"start":{"line":165,"column":4},"end":{"line":165,"column":15}},"41":{"start":{"line":172,"column":21},"end":{"line":172,"column":62}},"42":{"start":{"line":175,"column":4},"end":{"line":188,"column":7}},"43":{"start":{"line":177,"column":8},"end":{"line":187,"column":11}},"44":{"start":{"line":179,"column":24},"end":{"line":179,"column":35}},"45":{"start":{"line":180,"column":22},"end":{"line":180,"column":34}},"46":{"start":{"line":183,"column":12},"end":{"line":186,"column":15}},"47":{"start":{"line":185,"column":16},"end":{"line":185,"column":62}},"48":{"start":{"line":194,"column":4},"end":{"line":194,"column":35}},"49":{"start":{"line":196,"column":19},"end":{"line":196,"column":59}},"50":{"start":{"line":197,"column":4},"end":{"line":197,"column":37}},"51":{"start":{"line":198,"column":4},"end":{"line":198,"column":36}},"52":{"start":{"line":205,"column":4},"end":{"line":206,"column":7}},"53":{"start":{"line":209,"column":4},"end":{"line":210,"column":7}},"54":{"start":{"line":215,"column":24},"end":{"line":215,"column":64}},"55":{"start":{"line":217,"column":4},"end":{"line":217,"column":33}},"56":{"start":{"line":219,"column":4},"end":{"line":222,"column":7}},"57":{"start":{"line":225,"column":0},"end":{"line":237,"column":1}}},"fnMap":{"0":{"name":"(anonymous_0)","decl":{"start":{"line":5,"column":45},"end":{"line":5,"column":46}},"loc":{"start":{"line":5,"column":51},"end":{"line":8,"column":1}},"line":5},"1":{"name":"(anonymous_1)","decl":{"start":{"line":11,"column":37},"end":{"line":11,"column":38}},"loc":{"start":{"line":11,"column":76},"end":{"line":15,"column":1}},"line":11},"2":{"name":"receiveMessage","decl":{"start":{"line":22,"column":9},"end":{"line":22,"column":23}},"loc":{"start":{"line":22,"column":54},"end":{"line":37,"column":1}},"line":22},"3":{"name":"insertWrapper","decl":{"start":{"line":40,"column":9},"end":{"line":40,"column":22}},"loc":{"start":{"line":40,"column":33},"end":{"line":61,"column":1}},"line":40},"4":{"name":"main","decl":{"start":{"line":63,"column":9},"end":{"line":63,"column":13}},"loc":{"start":{"line":63,"column":15},"end":{"line":81,"column":1}},"line":63},"5":{"name":"handleSubmit","decl":{"start":{"line":84,"column":9},"end":{"line":84,"column":21}},"loc":{"start":{"line":84,"column":28},"end":{"line":97,"column":1}},"line":84},"6":{"name":"clearResults","decl":{"start":{"line":99,"column":9},"end":{"line":99,"column":21}},"loc":{"start":{"line":99,"column":24},"end":{"line":106,"column":1}},"line":99},"7":{"name":"fetchResults","decl":{"start":{"line":109,"column":9},"end":{"line":109,"column":21}},"loc":{"start":{"line":109,"column":34},"end":{"line":135,"column":1}},"line":109},"8":{"name":"(anonymous_8)","decl":{"start":{"line":116,"column":10},"end":{"line":116,"column":11}},"loc":{"start":{"line":116,"column":22},"end":{"line":116,"column":37}},"line":116},"9":{"name":"(anonymous_9)","decl":{"start":{"line":117,"column":10},"end":{"line":117,"column":11}},"loc":{"start":{"line":117,"column":18},"end":{"line":132,"column":5}},"line":117},"10":{"name":"(anonymous_10)","decl":{"start":{"line":134,"column":11},"end":{"line":134,"column":12}},"loc":{"start":{"line":134,"column":17},"end":{"line":134,"column":50}},"line":134},"11":{"name":"displayResults","decl":{"start":{"line":138,"column":9},"end":{"line":138,"column":23}},"loc":{"start":{"line":138,"column":42},"end":{"line":166,"column":1}},"line":138},"12":{"name":"(anonymous_12)","decl":{"start":{"line":147,"column":20},"end":{"line":147,"column":21}},"loc":{"start":{"line":147,"column":30},"end":{"line":164,"column":5}},"line":147},"13":{"name":"saveArticle","decl":{"start":{"line":169,"column":9},"end":{"line":169,"column":20}},"loc":{"start":{"line":169,"column":23},"end":{"line":189,"column":1}},"line":169},"14":{"name":"(anonymous_14)","decl":{"start":{"line":175,"column":23},"end":{"line":175,"column":24}},"loc":{"start":{"line":175,"column":39},"end":{"line":188,"column":5}},"line":175},"15":{"name":"(anonymous_15)","decl":{"start":{"line":177,"column":41},"end":{"line":177,"column":42}},"loc":{"start":{"line":177,"column":47},"end":{"line":187,"column":9}},"line":177},"16":{"name":"(anonymous_16)","decl":{"start":{"line":183,"column":49},"end":{"line":183,"column":50}},"loc":{"start":{"line":183,"column":65},"end":{"line":186,"column":13}},"line":183},"17":{"name":"updateWatchlist","decl":{"start":{"line":192,"column":9},"end":{"line":192,"column":24}},"loc":{"start":{"line":192,"column":71},"end":{"line":199,"column":1}},"line":192},"18":{"name":"setWatchlist","decl":{"start":{"line":202,"column":9},"end":{"line":202,"column":21}},"loc":{"start":{"line":202,"column":35},"end":{"line":211,"column":1}},"line":202},"19":{"name":"(anonymous_19)","decl":{"start":{"line":205,"column":30},"end":{"line":205,"column":31}},"loc":{"start":{"line":205,"column":40},"end":{"line":206,"column":5}},"line":205},"20":{"name":"(anonymous_20)","decl":{"start":{"line":209,"column":55},"end":{"line":209,"column":56}},"loc":{"start":{"line":209,"column":65},"end":{"line":210,"column":5}},"line":209},"21":{"name":"displayError","decl":{"start":{"line":214,"column":9},"end":{"line":214,"column":21}},"loc":{"start":{"line":214,"column":30},"end":{"line":223,"column":1}},"line":214}},"branchMap":{"0":{"loc":{"start":{"line":25,"column":4},"end":{"line":30,"column":5}},"type":"if","locations":[{"start":{"line":25,"column":4},"end":{"line":30,"column":5}},{"start":{"line":25,"column":4},"end":{"line":30,"column":5}}],"line":25},"1":{"loc":{"start":{"line":30,"column":5},"end":{"line":35,"column":5}},"type":"if","locations":[{"start":{"line":30,"column":5},"end":{"line":35,"column":5}},{"start":{"line":30,"column":5},"end":{"line":35,"column":5}}],"line":30},"2":{"loc":{"start":{"line":120,"column":8},"end":{"line":131,"column":9}},"type":"if","locations":[{"start":{"line":120,"column":8},"end":{"line":131,"column":9}},{"start":{"line":120,"column":8},"end":{"line":131,"column":9}}],"line":120}},"s":{"0":1,"1":1,"2":0,"3":1,"4":0,"5":0,"6":0,"7":0,"8":0,"9":0,"10":0,"11":0,"12":2,"13":2,"14":2,"15":0,"16":0,"17":0,"18":0,"19":0,"20":0,"21":0,"22":0,"23":0,"24":0,"25":0,"26":0,"27":0,"28":0,"29":0,"30":0,"31":0,"32":0,"33":0,"34":0,"35":0,"36":0,"37":0,"38":0,"39":0,"40":0,"41":0,"42":0,"43":0,"44":0,"45":0,"46":0,"47":0,"48":0,"49":0,"50":0,"51":0,"52":0,"53":0,"54":1,"55":1,"56":1,"57":1},"f":{"0":0,"1":0,"2":0,"3":2,"4":0,"5":0,"6":0,"7":0,"8":0,"9":0,"10":0,"11":0,"12":0,"13":0,"14":0,"15":0,"16":0,"17":0,"18":0,"19":0,"20":0,"21":1},"b":{"0":[0,0],"1":[0,0],"2":[0,0]},"_coverageSchema":"43e27e138ebf9cfc5966b082cf9a028302ed4184","hash":"56f2a4371d9e5ab0b8e423eda6b092d2cd4b5bb0"}
}
