{"C:\\Users\\georg\\Downloads\\wiki-check\\contentScript.js": {"path":"C:\\Users\\georg\\Downloads\\wiki-check\\contentScript.js","statementMap":{"0":{"start":{"line":2,"column":16},"end":{"line":2,"column":18}},"1":{"start":{"line":5,"column":0},"end":{"line":8,"column":2}},"2":{"start":{"line":7,"column":4},"end":{"line":7,"column":51}},"3":{"start":{"line":11,"column":0},"end":{"line":15,"column":2}},"4":{"start":{"line":14,"column":4},"end":{"line":14,"column":57}},"5":{"start":{"line":25,"column":4},"end":{"line":28,"column":5}},"6":{"start":{"line":27,"column":8},"end":{"line":27,"column":33}},"7":{"start":{"line":28,"column":5},"end":{"line":31,"column":5}},"8":{"start":{"line":30,"column":8},"end":{"line":30,"column":30}},"9":{"start":{"line":32,"column":4},"end":{"line":32,"column":16}},"10":{"start":{"line":39,"column":15},"end":{"line":39,"column":55}},"11":{"start":{"line":41,"column":4},"end":{"line":54,"column":7}},"12":{"start":{"line":56,"column":4},"end":{"line":56,"column":15}},"13":{"start":{"line":63,"column":15},"end":{"line":63,"column":52}},"14":{"start":{"line":65,"column":22},"end":{"line":65,"column":30}},"15":{"start":{"line":67,"column":21},"end":{"line":67,"column":28}},"16":{"start":{"line":70,"column":4},"end":{"line":70,"column":53}},"17":{"start":{"line":73,"column":22},"end":{"line":73,"column":60}},"18":{"start":{"line":76,"column":4},"end":{"line":76,"column":59}},"19":{"start":{"line":83,"column":4},"end":{"line":83,"column":27}},"20":{"start":{"line":86,"column":22},"end":{"line":86,"column":70}},"21":{"start":{"line":89,"column":22},"end":{"line":89,"column":40}},"22":{"start":{"line":92,"column":4},"end":{"line":92,"column":60}},"23":{"start":{"line":98,"column":24},"end":{"line":98,"column":64}},"24":{"start":{"line":101,"column":4},"end":{"line":101,"column":33}},"25":{"start":{"line":108,"column":19},"end":{"line":108,"column":162}},"26":{"start":{"line":110,"column":4},"end":{"line":130,"column":52}},"27":{"start":{"line":112,"column":22},"end":{"line":112,"column":37}},"28":{"start":{"line":116,"column":8},"end":{"line":127,"column":9}},"29":{"start":{"line":119,"column":26},"end":{"line":119,"column":43}},"30":{"start":{"line":122,"column":12},"end":{"line":122,"column":71}},"31":{"start":{"line":126,"column":12},"end":{"line":126,"column":53}},"32":{"start":{"line":130,"column":17},"end":{"line":130,"column":50}},"33":{"start":{"line":137,"column":24},"end":{"line":137,"column":64}},"34":{"start":{"line":140,"column":4},"end":{"line":140,"column":33}},"35":{"start":{"line":143,"column":4},"end":{"line":146,"column":7}},"36":{"start":{"line":145,"column":8},"end":{"line":145,"column":37}},"37":{"start":{"line":148,"column":4},"end":{"line":148,"column":26}},"38":{"start":{"line":154,"column":14},"end":{"line":154,"column":72}},"39":{"start":{"line":157,"column":4},"end":{"line":167,"column":6}},"40":{"start":{"line":174,"column":21},"end":{"line":174,"column":62}},"41":{"start":{"line":177,"column":4},"end":{"line":190,"column":7}},"42":{"start":{"line":179,"column":8},"end":{"line":189,"column":11}},"43":{"start":{"line":181,"column":24},"end":{"line":181,"column":35}},"44":{"start":{"line":182,"column":22},"end":{"line":182,"column":34}},"45":{"start":{"line":185,"column":12},"end":{"line":188,"column":15}},"46":{"start":{"line":187,"column":16},"end":{"line":187,"column":62}},"47":{"start":{"line":196,"column":4},"end":{"line":196,"column":35}},"48":{"start":{"line":198,"column":19},"end":{"line":198,"column":59}},"49":{"start":{"line":199,"column":4},"end":{"line":199,"column":37}},"50":{"start":{"line":200,"column":4},"end":{"line":200,"column":36}},"51":{"start":{"line":207,"column":4},"end":{"line":208,"column":7}},"52":{"start":{"line":211,"column":4},"end":{"line":212,"column":7}},"53":{"start":{"line":217,"column":24},"end":{"line":217,"column":64}},"54":{"start":{"line":219,"column":4},"end":{"line":219,"column":33}},"55":{"start":{"line":221,"column":4},"end":{"line":224,"column":7}},"56":{"start":{"line":227,"column":0},"end":{"line":240,"column":1}}},"fnMap":{"0":{"name":"(anonymous_0)","decl":{"start":{"line":5,"column":45},"end":{"line":5,"column":46}},"loc":{"start":{"line":5,"column":51},"end":{"line":8,"column":1}},"line":5},"1":{"name":"(anonymous_1)","decl":{"start":{"line":11,"column":37},"end":{"line":11,"column":38}},"loc":{"start":{"line":11,"column":54},"end":{"line":15,"column":1}},"line":11},"2":{"name":"receiveMessage","decl":{"start":{"line":22,"column":9},"end":{"line":22,"column":23}},"loc":{"start":{"line":22,"column":64},"end":{"line":33,"column":1}},"line":22},"3":{"name":"insertWrapper","decl":{"start":{"line":36,"column":9},"end":{"line":36,"column":22}},"loc":{"start":{"line":36,"column":33},"end":{"line":57,"column":1}},"line":36},"4":{"name":"main","decl":{"start":{"line":59,"column":9},"end":{"line":59,"column":13}},"loc":{"start":{"line":59,"column":15},"end":{"line":77,"column":1}},"line":59},"5":{"name":"handleSubmit","decl":{"start":{"line":80,"column":9},"end":{"line":80,"column":21}},"loc":{"start":{"line":80,"column":28},"end":{"line":93,"column":1}},"line":80},"6":{"name":"clearResults","decl":{"start":{"line":95,"column":9},"end":{"line":95,"column":21}},"loc":{"start":{"line":95,"column":24},"end":{"line":102,"column":1}},"line":95},"7":{"name":"fetchResults","decl":{"start":{"line":105,"column":9},"end":{"line":105,"column":21}},"loc":{"start":{"line":105,"column":80},"end":{"line":131,"column":1}},"line":105},"8":{"name":"(anonymous_8)","decl":{"start":{"line":112,"column":10},"end":{"line":112,"column":11}},"loc":{"start":{"line":112,"column":22},"end":{"line":112,"column":37}},"line":112},"9":{"name":"(anonymous_9)","decl":{"start":{"line":113,"column":10},"end":{"line":113,"column":11}},"loc":{"start":{"line":113,"column":18},"end":{"line":128,"column":5}},"line":113},"10":{"name":"(anonymous_10)","decl":{"start":{"line":130,"column":11},"end":{"line":130,"column":12}},"loc":{"start":{"line":130,"column":17},"end":{"line":130,"column":50}},"line":130},"11":{"name":"displayResults","decl":{"start":{"line":134,"column":9},"end":{"line":134,"column":23}},"loc":{"start":{"line":134,"column":75},"end":{"line":149,"column":1}},"line":134},"12":{"name":"(anonymous_12)","decl":{"start":{"line":143,"column":20},"end":{"line":143,"column":21}},"loc":{"start":{"line":143,"column":30},"end":{"line":146,"column":5}},"line":143},"13":{"name":"insertResult","decl":{"start":{"line":151,"column":9},"end":{"line":151,"column":21}},"loc":{"start":{"line":151,"column":29},"end":{"line":168,"column":1}},"line":151},"14":{"name":"saveArticle","decl":{"start":{"line":171,"column":9},"end":{"line":171,"column":20}},"loc":{"start":{"line":171,"column":23},"end":{"line":191,"column":1}},"line":171},"15":{"name":"(anonymous_15)","decl":{"start":{"line":177,"column":23},"end":{"line":177,"column":24}},"loc":{"start":{"line":177,"column":39},"end":{"line":190,"column":5}},"line":177},"16":{"name":"(anonymous_16)","decl":{"start":{"line":179,"column":41},"end":{"line":179,"column":42}},"loc":{"start":{"line":179,"column":47},"end":{"line":189,"column":9}},"line":179},"17":{"name":"(anonymous_17)","decl":{"start":{"line":185,"column":49},"end":{"line":185,"column":50}},"loc":{"start":{"line":185,"column":65},"end":{"line":188,"column":13}},"line":185},"18":{"name":"updateWatchlist","decl":{"start":{"line":194,"column":9},"end":{"line":194,"column":24}},"loc":{"start":{"line":194,"column":71},"end":{"line":201,"column":1}},"line":194},"19":{"name":"setWatchlist","decl":{"start":{"line":204,"column":9},"end":{"line":204,"column":21}},"loc":{"start":{"line":204,"column":35},"end":{"line":213,"column":1}},"line":204},"20":{"name":"(anonymous_20)","decl":{"start":{"line":207,"column":30},"end":{"line":207,"column":31}},"loc":{"start":{"line":207,"column":40},"end":{"line":208,"column":5}},"line":207},"21":{"name":"(anonymous_21)","decl":{"start":{"line":211,"column":55},"end":{"line":211,"column":56}},"loc":{"start":{"line":211,"column":65},"end":{"line":212,"column":5}},"line":211},"22":{"name":"displayError","decl":{"start":{"line":216,"column":9},"end":{"line":216,"column":21}},"loc":{"start":{"line":216,"column":30},"end":{"line":225,"column":1}},"line":216}},"branchMap":{"0":{"loc":{"start":{"line":25,"column":4},"end":{"line":28,"column":5}},"type":"if","locations":[{"start":{"line":25,"column":4},"end":{"line":28,"column":5}},{"start":{"line":25,"column":4},"end":{"line":28,"column":5}}],"line":25},"1":{"loc":{"start":{"line":28,"column":5},"end":{"line":31,"column":5}},"type":"if","locations":[{"start":{"line":28,"column":5},"end":{"line":31,"column":5}},{"start":{"line":28,"column":5},"end":{"line":31,"column":5}}],"line":28},"2":{"loc":{"start":{"line":116,"column":8},"end":{"line":127,"column":9}},"type":"if","locations":[{"start":{"line":116,"column":8},"end":{"line":127,"column":9}},{"start":{"line":116,"column":8},"end":{"line":127,"column":9}}],"line":116}},"s":{"0":1,"1":1,"2":0,"3":1,"4":0,"5":2,"6":1,"7":2,"8":1,"9":2,"10":2,"11":2,"12":2,"13":2,"14":2,"15":2,"16":2,"17":2,"18":2,"19":0,"20":0,"21":0,"22":0,"23":1,"24":1,"25":0,"26":0,"27":0,"28":0,"29":0,"30":0,"31":0,"32":0,"33":4,"34":4,"35":4,"36":24,"37":4,"38":0,"39":0,"40":0,"41":0,"42":0,"43":0,"44":0,"45":0,"46":0,"47":0,"48":0,"49":0,"50":0,"51":0,"52":0,"53":1,"54":1,"55":1,"56":1},"f":{"0":0,"1":0,"2":2,"3":2,"4":2,"5":0,"6":1,"7":0,"8":0,"9":0,"10":0,"11":4,"12":24,"13":0,"14":0,"15":0,"16":0,"17":0,"18":0,"19":0,"20":0,"21":0,"22":1},"b":{"0":[1,1],"1":[1,1],"2":[0,0]},"_coverageSchema":"43e27e138ebf9cfc5966b082cf9a028302ed4184","hash":"eb51c4afee2f745f73bb066bc072da8e847da11e"}
,"C:\\Users\\georg\\Downloads\\wiki-check\\tests\\response.js": {"path":"C:\\Users\\georg\\Downloads\\wiki-check\\tests\\response.js","statementMap":{"0":{"start":{"line":1,"column":0},"end":{"line":72,"column":1}},"1":{"start":{"line":74,"column":0},"end":{"line":76,"column":1}}},"fnMap":{},"branchMap":{},"s":{"0":1,"1":1},"f":{},"b":{},"_coverageSchema":"43e27e138ebf9cfc5966b082cf9a028302ed4184","hash":"36bfddda3c256ca2cbc9f9d78e01b1e2b7e73623"}
}
