TN:
SF:C:\Users\georg\Downloads\wiki-check\contentScript.js
FN:5,(anonymous_0)
FN:11,(anonymous_1)
FN:22,receiveMessage
FN:36,insertWrapper
FN:59,main
FN:80,handleSubmit
FN:95,clearResults
FN:105,fetchResults
FN:112,(anonymous_8)
FN:113,(anonymous_9)
FN:130,(anonymous_10)
FN:134,displayResults
FN:143,(anonymous_12)
FN:151,insertResult
FN:171,saveArticle
FN:177,(anonymous_15)
FN:179,(anonymous_16)
FN:185,(anonymous_17)
FN:194,updateWatchlist
FN:204,setWatchlist
FN:207,(anonymous_20)
FN:211,(anonymous_21)
FN:216,displayError
FNF:23
FNH:7
FNDA:0,(anonymous_0)
FNDA:0,(anonymous_1)
FNDA:2,receiveMessage
FNDA:2,insertWrapper
FNDA:2,main
FNDA:0,handleSubmit
FNDA:1,clearResults
FNDA:0,fetchResults
FNDA:0,(anonymous_8)
FNDA:0,(anonymous_9)
FNDA:0,(anonymous_10)
FNDA:4,displayResults
FNDA:24,(anonymous_12)
FNDA:0,insertResult
FNDA:0,saveArticle
FNDA:0,(anonymous_15)
FNDA:0,(anonymous_16)
FNDA:0,(anonymous_17)
FNDA:0,updateWatchlist
FNDA:0,setWatchlist
FNDA:0,(anonymous_20)
FNDA:0,(anonymous_21)
FNDA:1,displayError
DA:2,1
DA:5,1
DA:7,0
DA:11,1
DA:14,0
DA:25,2
DA:27,1
DA:28,2
DA:30,1
DA:32,2
DA:39,2
DA:41,2
DA:56,2
DA:63,2
DA:65,2
DA:67,2
DA:70,2
DA:73,2
DA:76,2
DA:83,0
DA:86,0
DA:89,0
DA:92,0
DA:98,1
DA:101,1
DA:108,0
DA:110,0
DA:112,0
DA:116,0
DA:119,0
DA:122,0
DA:126,0
DA:130,0
DA:137,4
DA:140,4
DA:143,4
DA:145,24
DA:148,4
DA:154,0
DA:157,0
DA:174,0
DA:177,0
DA:179,0
DA:181,0
DA:182,0
DA:185,0
DA:187,0
DA:196,0
DA:198,0
DA:199,0
DA:200,0
DA:207,0
DA:211,0
DA:217,1
DA:219,1
DA:221,1
DA:227,1
LF:57
LH:28
BRDA:25,0,0,1
BRDA:25,0,1,1
BRDA:28,1,0,1
BRDA:28,1,1,1
BRDA:116,2,0,0
BRDA:116,2,1,0
BRF:6
BRH:4
end_of_record
TN:
SF:C:\Users\georg\Downloads\wiki-check\tests\response.js
FNF:0
FNH:0
DA:1,1
DA:74,1
LF:2
LH:2
BRF:0
BRH:0
end_of_record
