TN:
SF:C:\Users\georg\Downloads\wiki-check\contentScript.js
FN:5,(anonymous_0)
FN:11,(anonymous_1)
FN:22,receiveMessage
FN:40,insertWrapper
FN:63,main
FN:84,handleSubmit
FN:99,clearResults
FN:109,fetchResults
FN:116,(anonymous_8)
FN:117,(anonymous_9)
FN:134,(anonymous_10)
FN:138,displayResults
FN:147,(anonymous_12)
FN:169,saveArticle
FN:175,(anonymous_14)
FN:177,(anonymous_15)
FN:183,(anonymous_16)
FN:192,updateWatchlist
FN:202,setWatchlist
FN:205,(anonymous_19)
FN:209,(anonymous_20)
FN:214,displayError
FNF:22
FNH:2
FNDA:0,(anonymous_0)
FNDA:0,(anonymous_1)
FNDA:0,receiveMessage
FNDA:2,insertWrapper
FNDA:0,main
FNDA:0,handleSubmit
FNDA:0,clearResults
FNDA:0,fetchResults
FNDA:0,(anonymous_8)
FNDA:0,(anonymous_9)
FNDA:0,(anonymous_10)
FNDA:0,displayResults
FNDA:0,(anonymous_12)
FNDA:0,saveArticle
FNDA:0,(anonymous_14)
FNDA:0,(anonymous_15)
FNDA:0,(anonymous_16)
FNDA:0,updateWatchlist
FNDA:0,setWatchlist
FNDA:0,(anonymous_19)
FNDA:0,(anonymous_20)
FNDA:1,displayError
DA:2,1
DA:5,1
DA:7,0
DA:11,1
DA:14,0
DA:25,0
DA:27,0
DA:29,0
DA:30,0
DA:32,0
DA:34,0
DA:36,0
DA:43,2
DA:45,2
DA:60,2
DA:67,0
DA:69,0
DA:71,0
DA:74,0
DA:77,0
DA:80,0
DA:87,0
DA:90,0
DA:93,0
DA:96,0
DA:102,0
DA:105,0
DA:112,0
DA:114,0
DA:116,0
DA:120,0
DA:123,0
DA:126,0
DA:130,0
DA:134,0
DA:141,0
DA:144,0
DA:147,0
DA:150,0
DA:153,0
DA:165,0
DA:172,0
DA:175,0
DA:177,0
DA:179,0
DA:180,0
DA:183,0
DA:185,0
DA:194,0
DA:196,0
DA:197,0
DA:198,0
DA:205,0
DA:209,0
DA:215,1
DA:217,1
DA:219,1
DA:225,1
LF:58
LH:10
BRDA:25,0,0,0
BRDA:25,0,1,0
BRDA:30,1,0,0
BRDA:30,1,1,0
BRDA:120,2,0,0
BRDA:120,2,1,0
BRF:6
BRH:0
end_of_record
